<?xml version="1.0" encoding="UTF-8"?>
<testsuite xmlns:xsi="http://www.w3.org/2001/XMLSchema-instance" xsi:noNamespaceSchemaLocation="https://maven.apache.org/surefire/maven-surefire-plugin/xsd/surefire-test-report.xsd" name="com.booking.recruitment.hotel.controller.HotelControllerTest" time="1.998" tests="2" errors="0" skipped="0" failures="0">
  <properties>
[...]
</properties>
  <testcase name="hotelCreatedCorrectly" classname="com.booking.recruitment.hotel.controller.HotelControllerTest" time="0.171"/>
  <testcase name="allHotelsRequested" classname="com.booking.recruitment.hotel.controller.HotelControllerTest" time="0.08"/>
</testsuite>